Using pre-set license
Built from '2020.3/staging' branch; Version is '2020.3.25f1 (9b9180224418) revision 10195328'; Using compiler version '192528614'; Build Type 'Release'
OS: 'Windows 10  (10.0.18363) 64bit Professional' Language: 'zh' Physical Memory: 16319 MB
BatchMode: 1, IsHumanControllingUs: 0, StartBugReporterOnCrash: 0, Is64bit: 1, IsPro: 0

COMMAND LINE ARGUMENTS:
C:\Program Files\Unity\Hub\Editor\2020.3.25f1\Editor\Unity.exe
-adb2
-batchMode
-noUpm
-name
AssetImportWorker0
-projectPath
C:/Users/Appedu/Desktop/Unity_HC_TS_2DRunnuing_20211218/2DRunning_20211218
-logFile
Logs/AssetImportWorker0.log
-srvPort
58632
Successfully changed project path to: C:/Users/Appedu/Desktop/Unity_HC_TS_2DRunnuing_20211218/2DRunning_20211218
C:/Users/Appedu/Desktop/Unity_HC_TS_2DRunnuing_20211218/2DRunning_20211218
Using Asset Import Pipeline V2.
Refreshing native plugins compatible for Editor in 62.93 ms, found 3 plugins.
Preloading 0 native plugins for Editor in 0.00 ms.
Initialize engine version: 2020.3.25f1 (9b9180224418)
[Subsystems] Discovering subsystems at path C:/Program Files/Unity/Hub/Editor/2020.3.25f1/Editor/Data/Resources/UnitySubsystems
[Subsystems] Discovering subsystems at path C:/Users/Appedu/Desktop/Unity_HC_TS_2DRunnuing_20211218/2DRunning_20211218/Assets
GfxDevice: creating device client; threaded=0
Direct3D:
    Version:  Direct3D 11.0 [level 11.1]
    Renderer: NVIDIA Quadro P620 (ID=0x1cb6)
    Vendor:   
    VRAM:     1977 MB
    Driver:   30.0.14.7247
Initialize mono
Mono path[0] = 'C:/Program Files/Unity/Hub/Editor/2020.3.25f1/Editor/Data/Managed'
Mono path[1] = 'C:/Program Files/Unity/Hub/Editor/2020.3.25f1/Editor/Data/MonoBleedingEdge/lib/mono/unityjit'
Mono config path = 'C:/Program Files/Unity/Hub/Editor/2020.3.25f1/Editor/Data/MonoBleedingEdge/etc'
Using monoOptions --debugger-agent=transport=dt_socket,embedding=1,server=y,suspend=n,address=127.0.0.1:56152
Begin MonoManager ReloadAssembly
Registering precompiled unity dll's ...
Register platform support module: C:/Program Files/Unity/Hub/Editor/2020.3.25f1/Editor/Data/PlaybackEngines/WebGLSupport/UnityEditor.WebGL.Extensions.dll
Register platform support module: C:/Program Files/Unity/Hub/Editor/2020.3.25f1/Editor/Data/PlaybackEngines/WindowsStandaloneSupport/UnityEditor.WindowsStandalone.Extensions.dll
Registered in 0.002553 seconds.
Native extension for WindowsStandalone target not found
Native extension for WebGL target not found
Refreshing native plugins compatible for Editor in 55.01 ms, found 3 plugins.
Preloading 0 native plugins for Editor in 0.00 ms.
Mono: successfully reloaded assembly
- Completed reload, in  0.709 seconds
Domain Reload Profiling:
	ReloadAssembly (709ms)
		BeginReloadAssembly (63ms)
			ExecutionOrderSort (0ms)
			DisableScriptedObjects (0ms)
			BackupInstance (0ms)
			ReleaseScriptingObjects (0ms)
			CreateAndSetChildDomain (1ms)
		EndReloadAssembly (555ms)
			LoadAssemblies (61ms)
			RebuildTransferFunctionScriptingTraits (0ms)
			SetupTypeCache (195ms)
			ReleaseScriptCaches (0ms)
			RebuildScriptCaches (34ms)
			SetupLoadedEditorAssemblies (201ms)
				LogAssemblyErrors (0ms)
				InitializePlatformSupportModulesInManaged (6ms)
				SetLoadedEditorAssemblies (0ms)
				RefreshPlugins (55ms)
				BeforeProcessingInitializeOnLoad (20ms)
				ProcessInitializeOnLoadAttributes (90ms)
				ProcessInitializeOnLoadMethodAttributes (30ms)
				AfterProcessingInitializeOnLoad (0ms)
				EditorAssembliesLoaded (0ms)
			ExecutionOrderSort2 (0ms)
			AwakeInstancesAfterBackupRestoration (0ms)
Platform modules already initialized, skipping
Registering precompiled user dll's ...
Registered in 0.005989 seconds.
Begin MonoManager ReloadAssembly
Native extension for WindowsStandalone target not found
Native extension for WebGL target not found
Refreshing native plugins compatible for Editor in 55.05 ms, found 3 plugins.
Preloading 0 native plugins for Editor in 0.00 ms.
Mono: successfully reloaded assembly
- Completed reload, in  1.414 seconds
Domain Reload Profiling:
	ReloadAssembly (1415ms)
		BeginReloadAssembly (178ms)
			ExecutionOrderSort (0ms)
			DisableScriptedObjects (6ms)
			BackupInstance (0ms)
			ReleaseScriptingObjects (0ms)
			CreateAndSetChildDomain (22ms)
		EndReloadAssembly (1158ms)
			LoadAssemblies (118ms)
			RebuildTransferFunctionScriptingTraits (0ms)
			SetupTypeCache (405ms)
			ReleaseScriptCaches (1ms)
			RebuildScriptCaches (54ms)
			SetupLoadedEditorAssemblies (427ms)
				LogAssemblyErrors (0ms)
				InitializePlatformSupportModulesInManaged (5ms)
				SetLoadedEditorAssemblies (0ms)
				RefreshPlugins (55ms)
				BeforeProcessingInitializeOnLoad (94ms)
				ProcessInitializeOnLoadAttributes (247ms)
				ProcessInitializeOnLoadMethodAttributes (20ms)
				AfterProcessingInitializeOnLoad (6ms)
				EditorAssembliesLoaded (0ms)
			ExecutionOrderSort2 (0ms)
			AwakeInstancesAfterBackupRestoration (9ms)
Platform modules already initialized, skipping
========================================================================
Worker process is ready to serve import requests
Launched and connected shader compiler UnityShaderCompiler.exe after 0.05 seconds
Refreshing native plugins compatible for Editor in 0.65 ms, found 3 plugins.
Preloading 0 native plugins for Editor in 0.00 ms.
Unloading 2194 Unused Serialized files (Serialized files now loaded: 0)
System memory in use before: 96.5 MB.
System memory in use after: 96.5 MB.

Unloading 28 unused Assets to reduce memory usage. Loaded Objects now: 2627.
Total: 3.818000 ms (FindLiveObjects: 0.220100 ms CreateObjectMapping: 0.075000 ms MarkObjects: 3.424000 ms  DeleteObjects: 0.098100 ms)

AssetImportParameters requested are different than current active one (requested -> active):
  custom:framework-win-MediaFoundation: 216162199b28c13a410421893ffa2e32 -> 
  custom:video-decoder-ogg-theora: a1e56fd34408186e4bbccfd4996cb3dc -> 
  custom:container-muxer-webm: aa71ff27fc2769a1b78a27578f13a17b -> 
  custom:container-demuxer-webm: 4f35f7cbe854078d1ac9338744f61a02 -> 
  custom:container-demuxer-ogg: 62fdf1f143b41e24485cea50d1cbac27 -> 
  custom:video-encoder-webm-vp8: eb34c28f22e8b96e1ab97ce403110664 -> 
  custom:video-decoder-webm-vp8: 9c59270c3fd7afecdb556c50c9e8de78 -> 
  custom:audio-decoder-ogg-vorbis: bf7c407c2cedff20999df2af8eb42d56 -> 
  custom:audio-encoder-webm-vorbis: bf7c407c2cedff20999df2af8eb42d56 -> 
========================================================================
Received Import Request.
  path: Assets/KID LOGO.png
  artifactKey: Guid(ced710c296a6da8449fc85a8f3c70e60) Importer(815301076,1909f56bfc062723c751e8b465ee728b)
Start importing Assets/KID LOGO.png using Guid(ced710c296a6da8449fc85a8f3c70e60) Importer(815301076,1909f56bfc062723c751e8b465ee728b)  -> (artifact id: 'd5bb32f676abce632d559a88cec20a42') in 0.221613 seconds 
  Import took 0.225891 seconds .

========================================================================
Received Import Request.
  Time since last request: 0.000345 seconds.
  path: Assets/雪花.mat
  artifactKey: Guid(c8fdeb4af9a58454596a870cfec5df4c) Importer(815301076,1909f56bfc062723c751e8b465ee728b)
Start importing Assets/雪花.mat using Guid(c8fdeb4af9a58454596a870cfec5df4c) Importer(815301076,1909f56bfc062723c751e8b465ee728b)  -> (artifact id: '27b83908965d923c2db40ce3e65c1be1') in 0.158017 seconds 
  Import took 0.162813 seconds .

========================================================================
Received Import Request.
  Time since last request: 0.000297 seconds.
  path: Assets/第二顆雪花.mat
  artifactKey: Guid(43bb51e9edb5e4746b5d0554918863d2) Importer(815301076,1909f56bfc062723c751e8b465ee728b)
Start importing Assets/第二顆雪花.mat using Guid(43bb51e9edb5e4746b5d0554918863d2) Importer(815301076,1909f56bfc062723c751e8b465ee728b)  -> (artifact id: '8252b811283b04ed4d154a1474181c9c') in 0.083943 seconds 
  Import took 0.087766 seconds .

========================================================================
Received Import Request.
  Time since last request: 0.000210 seconds.
  path: Assets/New Project.png
  artifactKey: Guid(2ad26c42775fb4a4f9890b2907902d52) Importer(815301076,1909f56bfc062723c751e8b465ee728b)
Start importing Assets/New Project.png using Guid(2ad26c42775fb4a4f9890b2907902d52) Importer(815301076,1909f56bfc062723c751e8b465ee728b)  -> (artifact id: '5f26382f719788920c5c96fdfc4728f8') in 0.014507 seconds 
  Import took 0.019050 seconds .

========================================================================
Received Import Request.
  Time since last request: 0.000273 seconds.
  path: Assets/NaikaiFont-Regular.ttf
  artifactKey: Guid(e38d2017799c4a14f9ae393eb4f42bf9) Importer(815301076,1909f56bfc062723c751e8b465ee728b)
Start importing Assets/NaikaiFont-Regular.ttf using Guid(e38d2017799c4a14f9ae393eb4f42bf9) Importer(815301076,1909f56bfc062723c751e8b465ee728b)  -> (artifact id: 'fc34f8578e7de7f5f9c1d45cb5923c4c') in 0.062775 seconds 
  Import took 0.068787 seconds .

========================================================================
Received Import Request.
  Time since last request: 0.000251 seconds.
  path: Assets/第二顆雪花.png
  artifactKey: Guid(381ef204fa9661947b6d11baa6397999) Importer(815301076,1909f56bfc062723c751e8b465ee728b)
Start importing Assets/第二顆雪花.png using Guid(381ef204fa9661947b6d11baa6397999) Importer(815301076,1909f56bfc062723c751e8b465ee728b)  -> (artifact id: 'a3db195d4de2425f9d96a8bd6d2e11ef') in 0.014044 seconds 
  Import took 0.018036 seconds .

========================================================================
Received Import Request.
  Time since last request: 339.210524 seconds.
  path: Assets/關卡 1.unity
  artifactKey: Guid(73162610ba00dc2488883cd95c8c81c7) Importer(815301076,1909f56bfc062723c751e8b465ee728b)
Start importing Assets/關卡 1.unity using Guid(73162610ba00dc2488883cd95c8c81c7) Importer(815301076,1909f56bfc062723c751e8b465ee728b)  -> (artifact id: 'a8f658d4715ae4f41e2bbbc2ba5ee5c4') in 0.003993 seconds 
  Import took 0.009248 seconds .

========================================================================
Received Import Request.
  Time since last request: 9.799444 seconds.
  path: Assets/開始畫面.unity
  artifactKey: Guid(f8da2ede1a4ac1d48881573c4c7b5171) Importer(815301076,1909f56bfc062723c751e8b465ee728b)
Start importing Assets/開始畫面.unity using Guid(f8da2ede1a4ac1d48881573c4c7b5171) Importer(815301076,1909f56bfc062723c751e8b465ee728b)  -> (artifact id: 'da6bfe336f148c2267021e91d7d91c27') in 0.003391 seconds 
  Import took 0.007948 seconds .

========================================================================
Received Import Request.
  Time since last request: 106.414745 seconds.
  path: Assets/素材/adventurer-v1.5-Sheet.png
  artifactKey: Guid(d9b52f7a44a437e40b02df59e5dbfdce) Importer(815301076,1909f56bfc062723c751e8b465ee728b)
Start importing Assets/素材/adventurer-v1.5-Sheet.png using Guid(d9b52f7a44a437e40b02df59e5dbfdce) Importer(815301076,1909f56bfc062723c751e8b465ee728b)  -> (artifact id: 'b28916a5752bda5ab92a7ae86b9f9527') in 0.216231 seconds 
  Import took 0.220329 seconds .

========================================================================
Received Import Request.
  Time since last request: 0.275220 seconds.
  path: Assets/調色盤/1.asset
  artifactKey: Guid(e42f941bc7a5da743916ebc594eac1d3) Importer(815301076,1909f56bfc062723c751e8b465ee728b)
Start importing Assets/調色盤/1.asset using Guid(e42f941bc7a5da743916ebc594eac1d3) Importer(815301076,1909f56bfc062723c751e8b465ee728b)  -> (artifact id: '9ce58f32530f07e65d1d916af57f671e') in 0.018209 seconds 
  Import took 0.021830 seconds .

========================================================================
Received Import Request.
  Time since last request: 0.000378 seconds.
  path: Assets/調色盤/2.asset
  artifactKey: Guid(9df9be33447c625428aaf718c159ffdb) Importer(815301076,1909f56bfc062723c751e8b465ee728b)
Start importing Assets/調色盤/2.asset using Guid(9df9be33447c625428aaf718c159ffdb) Importer(815301076,1909f56bfc062723c751e8b465ee728b)  -> (artifact id: 'd57ee701d8961922b81d79ad61f50f69') in 0.009171 seconds 
  Import took 0.012746 seconds .

========================================================================
Received Import Request.
  Time since last request: 0.000329 seconds.
  path: Assets/調色盤/7.asset
  artifactKey: Guid(fb9b6ac0a453b7b44b7ff4256ced822d) Importer(815301076,1909f56bfc062723c751e8b465ee728b)
Start importing Assets/調色盤/7.asset using Guid(fb9b6ac0a453b7b44b7ff4256ced822d) Importer(815301076,1909f56bfc062723c751e8b465ee728b)  -> (artifact id: '0d817f86ba16d9d49c68ee6bbefbbc3c') in 0.009700 seconds 
  Import took 0.014100 seconds .

========================================================================
Received Import Request.
  Time since last request: 0.000266 seconds.
  path: Assets/調色盤/5.asset
  artifactKey: Guid(42c14bcfe3663e94d8202953f69d5eda) Importer(815301076,1909f56bfc062723c751e8b465ee728b)
Start importing Assets/調色盤/5.asset using Guid(42c14bcfe3663e94d8202953f69d5eda) Importer(815301076,1909f56bfc062723c751e8b465ee728b)  -> (artifact id: 'b98b3fa0a9e64be0a2a4462e856f79f9') in 0.009540 seconds 
  Import took 0.014003 seconds .

========================================================================
Received Import Request.
  Time since last request: 0.000264 seconds.
  path: Assets/調色盤/3.asset
  artifactKey: Guid(083c7daade606b84ba037c3d64a1da20) Importer(815301076,1909f56bfc062723c751e8b465ee728b)
Start importing Assets/調色盤/3.asset using Guid(083c7daade606b84ba037c3d64a1da20) Importer(815301076,1909f56bfc062723c751e8b465ee728b)  -> (artifact id: '3c7be67e3907d5e1e3155a8a0e865106') in 0.010762 seconds 
  Import took 0.015267 seconds .

========================================================================
Received Import Request.
  Time since last request: 0.000290 seconds.
  path: Assets/調色盤/6.asset
  artifactKey: Guid(47de27fc6418d1e4eaf08b4cbd45763d) Importer(815301076,1909f56bfc062723c751e8b465ee728b)
Start importing Assets/調色盤/6.asset using Guid(47de27fc6418d1e4eaf08b4cbd45763d) Importer(815301076,1909f56bfc062723c751e8b465ee728b)  -> (artifact id: '2ac19041c2211751c5142b1fbef096b4') in 0.010023 seconds 
  Import took 0.014635 seconds .

========================================================================
Received Import Request.
  Time since last request: 0.000326 seconds.
  path: Assets/調色盤/4.asset
  artifactKey: Guid(316e6cb069823564c90910bc3c62fa00) Importer(815301076,1909f56bfc062723c751e8b465ee728b)
Start importing Assets/調色盤/4.asset using Guid(316e6cb069823564c90910bc3c62fa00) Importer(815301076,1909f56bfc062723c751e8b465ee728b)  -> (artifact id: 'bbd2be82245933ca4155eeb358605bf4') in 0.010351 seconds 
  Import took 0.014935 seconds .

========================================================================
Received Import Request.
  Time since last request: 256.285574 seconds.
  path: Assets/素材/玩家跑步1.anim
  artifactKey: Guid(43924e0c0e150e84d8ba41978619cec4) Importer(815301076,1909f56bfc062723c751e8b465ee728b)
Start importing Assets/素材/玩家跑步1.anim using Guid(43924e0c0e150e84d8ba41978619cec4) Importer(815301076,1909f56bfc062723c751e8b465ee728b)  -> (artifact id: '37f2ed744bf14ca5a053d361742249ef') in 0.005429 seconds 
  Import took 0.008974 seconds .

========================================================================
Received Import Request.
  Time since last request: 9.131314 seconds.
  path: Assets/素材/adventurer-v1_5-Sheet_8 1.controller
  artifactKey: Guid(c483a083cba117e4b9593cb2db8838dd) Importer(815301076,1909f56bfc062723c751e8b465ee728b)
Start importing Assets/素材/adventurer-v1_5-Sheet_8 1.controller using Guid(c483a083cba117e4b9593cb2db8838dd) Importer(815301076,1909f56bfc062723c751e8b465ee728b)  -> (artifact id: 'da22f81168d04ba45e7bdf06acd0a512') in 0.007676 seconds 
  Import took 0.012750 seconds .

========================================================================
Received Import Request.
  Time since last request: 23.067304 seconds.
  path: Assets/素材/玩家跑步.anim
  artifactKey: Guid(6a9f500088e28f94c8bde642df98e20a) Importer(815301076,1909f56bfc062723c751e8b465ee728b)
Start importing Assets/素材/玩家跑步.anim using Guid(6a9f500088e28f94c8bde642df98e20a) Importer(815301076,1909f56bfc062723c751e8b465ee728b)  -> (artifact id: '6a2a7314a342278414a7e4219116526d') in 0.002835 seconds 
  Import took 0.006765 seconds .

========================================================================
Received Import Request.
  Time since last request: 59.937745 seconds.
  path: Assets/素材/玩家死亡.anim
  artifactKey: Guid(e83c339406e1106438f82c4fb723c2af) Importer(815301076,1909f56bfc062723c751e8b465ee728b)
Start importing Assets/素材/玩家死亡.anim using Guid(e83c339406e1106438f82c4fb723c2af) Importer(815301076,1909f56bfc062723c751e8b465ee728b)  -> (artifact id: '1b1f0e54701c900d722d63bf80f98390') in 0.002971 seconds 
  Import took 0.007111 seconds .

========================================================================
Received Import Request.
  Time since last request: 38.042122 seconds.
  path: Assets/素材/玩家滑鏟.anim
  artifactKey: Guid(9e4bcf715af1bac42950b92227547cf2) Importer(815301076,1909f56bfc062723c751e8b465ee728b)
Start importing Assets/素材/玩家滑鏟.anim using Guid(9e4bcf715af1bac42950b92227547cf2) Importer(815301076,1909f56bfc062723c751e8b465ee728b)  -> (artifact id: '8c8c0ad05d4d97206155c0bb3ffe1ba8') in 0.003553 seconds 
  Import took 0.008118 seconds .

========================================================================
Received Import Request.
  Time since last request: 13.004433 seconds.
  path: Assets/素材/adventurer-v1_5-Sheet_8.controller
  artifactKey: Guid(a2506ec26b95da549a85476c29ecb6d1) Importer(815301076,1909f56bfc062723c751e8b465ee728b)
Start importing Assets/素材/adventurer-v1_5-Sheet_8.controller using Guid(a2506ec26b95da549a85476c29ecb6d1) Importer(815301076,1909f56bfc062723c751e8b465ee728b)  -> (artifact id: 'ea6fb660dfd33ddde0db036233dfbab7') in 0.004006 seconds 
  Import took 0.008842 seconds .

========================================================================
Received Import Request.
  Time since last request: 4.583197 seconds.
  path: Assets/素材/adventurer-v1_5-Sheet_16.controller
  artifactKey: Guid(97cef78ac542856499dbab388921d26c) Importer(815301076,1909f56bfc062723c751e8b465ee728b)
Start importing Assets/素材/adventurer-v1_5-Sheet_16.controller using Guid(97cef78ac542856499dbab388921d26c) Importer(815301076,1909f56bfc062723c751e8b465ee728b)  -> (artifact id: '37482935118496fa6a577a23cdf6deb7') in 0.003573 seconds 
  Import took 0.007464 seconds .

AssetImportWorkerClient::OnTransportError - code=2 error=End of file
